<?xml version="1.0" encoding="UTF-8" ?>
<testsuite errors="1" failures="0" hostname="Jorys-MacBook-Pro.local" name="Test.Rule2DTest" skipped="0" tests="1" time="5.008" timestamp="2017-03-13T16:10:38">
  <properties>
[...]
</properties>
  <testcase classname="Test.Rule2DTest" name="initializationError" time="0.001">
    <error message="org/hamcrest/SelfDescribing" type="java.lang.NoClassDefFoundError">java.lang.NoClassDefFoundError: org/hamcrest/SelfDescribing
	at java.lang.ClassLoader.defineClass1(Native Method)
	at java.lang.ClassLoader.defineClass(ClassLoader.java:763)
	at java.lang.ClassLoader.loadClass(ClassLoader.java:357)
	at java.lang.reflect.Constructor.newInstance(Constructor.java:423)
	at org.eclipse.ant.internal.launching.remote.EclipseDefaultExecutor.executeTargets(EclipseDefaultExecutor.java:36)
	at org.eclipse.ant.internal.launching.remote.InternalAntRunner.run(InternalAntRunner.java:456)
	at org.eclipse.ant.internal.launching.remote.InternalAntRunner.main(InternalAntRunner.java:140)
Caused by: java.lang.ClassNotFoundException: org.hamcrest.SelfDescribing
	at java.lang.ClassLoader.loadClass(ClassLoader.java:357)
</error>
  </testcase>
  <system-out><![CDATA[]]></system-out>
  <system-err><![CDATA[]]></system-err>
</testsuite>
